<?xml version="1.0" encoding="UTF-8"?>
<!-- Generated by org.testng.reporters.JUnitReportReporter -->
<testsuite skipped="0" hostname="LAPTOP-0JB00JT2" name="org.code.SoftAsert" tests="2" failures="0" timestamp="16 Dec 2021 05:04:05 GMT" time="0.909" errors="0">
  <testcase name="tc3" time="0.062" classname="org.code.SoftAsert"/>
  <testcase name="tc2" time="0.847" classname="org.code.SoftAsert"/>
</testsuite> <!-- org.code.SoftAsert -->
