<?xml version="1.0" encoding="UTF-8"?>
<!-- Generated by org.testng.reporters.JUnitReportReporter -->
<testsuite skipped="0" hostname="LAPTOP-0JB00JT2" name="org.junit.Parameter" tests="3" failures="0" timestamp="17 Dec 2021 05:40:04 GMT" time="5.938" errors="0">
  <testcase name="tc1" time="3.868" classname="org.junit.Parameter"/>
  <testcase name="tc1" time="1.341" classname="org.junit.Parameter"/>
  <testcase name="tc1" time="0.729" classname="org.junit.Parameter"/>
</testsuite> <!-- org.junit.Parameter -->
