<?xml version="1.0" encoding="UTF-8"?>
<!-- Generated by org.testng.reporters.JUnitReportReporter -->
<testsuite skipped="1" hostname="LAPTOP-0JB00JT2" name="org.code.Priority" tests="6" failures="0" timestamp="15 Dec 2021 12:58:04 GMT" time="0.086" errors="0">
  <testcase name="tc4" time="0.037" classname="org.code.Priority"/>
  <testcase name="tc3" time="0.008" classname="org.code.Priority"/>
  <testcase name="tc1" time="0.010" classname="org.code.Priority"/>
  <testcase name="tc2" time="0.016" classname="org.code.Priority"/>
  <testcase name="tc2" time="0.015" classname="org.code.Priority"/>
  <testcase name="tc0" classname="org.code.Priority">
    <skipped/>
  </testcase> <!-- tc0 -->
</testsuite> <!-- org.code.Priority -->
