<?xml version="1.0" encoding="UTF-8"?>
<!-- Generated by org.testng.reporters.JUnitReportReporter -->
<testsuite skipped="0" hostname="LAPTOP-0JB00JT2" name="org.auto.Method" tests="2" failures="0" timestamp="16 Dec 2021 13:40:28 GMT" time="0.034" errors="0">
  <testcase name="name" time="0.015" classname="org.auto.Method"/>
  <testcase name="village" time="0.019" classname="org.auto.Method"/>
</testsuite> <!-- org.auto.Method -->
