<?xml version="1.0" encoding="UTF-8"?>
<!-- Generated by org.testng.reporters.JUnitReportReporter -->
<testsuite skipped="0" hostname="LAPTOP-0JB00JT2" name="org.auto.Hello" tests="2" failures="0" timestamp="16 Dec 2021 13:40:28 GMT" time="0.058" errors="0">
  <testcase name="bike" time="0.041" classname="org.auto.Hello"/>
  <testcase name="car" time="0.017" classname="org.auto.Hello"/>
</testsuite> <!-- org.auto.Hello -->
