<?xml version="1.0" encoding="UTF-8"?>
<!-- Generated by org.testng.reporters.JUnitReportReporter -->
<testsuite skipped="0" hostname="LAPTOP-0JB00JT2" name="org.code.Priority1" tests="3" failures="0" timestamp="15 Dec 2021 13:20:32 GMT" time="0.108" errors="0">
  <testcase name="tc1" time="0.058" classname="org.code.Priority1"/>
  <testcase name="tc3" time="0.033" classname="org.code.Priority1"/>
  <testcase name="tc3" time="0.017" classname="org.code.Priority1"/>
</testsuite> <!-- org.code.Priority1 -->
