<?xml version="1.0" encoding="UTF-8"?>
<!-- Generated by org.testng.reporters.JUnitReportReporter -->
<testsuite skipped="0" hostname="LAPTOP-0JB00JT2" name="org.test.ParallelSample" tests="2" failures="0" timestamp="17 Dec 2021 12:12:57 GMT" time="0.078" errors="0">
  <testcase name="tc1" time="0.054" classname="org.test.ParallelSample"/>
  <testcase name="tc2" time="0.024" classname="org.test.ParallelSample"/>
</testsuite> <!-- org.test.ParallelSample -->
