<?xml version="1.0" encoding="UTF-8"?>
<!-- Generated by org.testng.reporters.JUnitReportReporter -->
<testsuite skipped="0" hostname="LAPTOP-0JB00JT2" name="org.junit.Parameterisation" tests="3" failures="0" timestamp="16 Dec 2021 06:31:27 GMT" time="5.812" errors="0">
  <testcase name="tc1" time="1.746" classname="org.junit.Parameterisation"/>
  <testcase name="tc1" time="2.180" classname="org.junit.Parameterisation"/>
  <testcase name="tc1" time="1.886" classname="org.junit.Parameterisation"/>
</testsuite> <!-- org.junit.Parameterisation -->
