<?xml version="1.0" encoding="UTF-8"?>
<!-- Generated by org.testng.reporters.JUnitReportReporter -->
<testsuite skipped="0" hostname="LAPTOP-0JB00JT2" name="org.junit.Sample1" tests="1" failures="0" timestamp="16 Dec 2021 12:57:59 GMT" time="0.013" errors="0">
  <testcase name="tc2" time="0.013" classname="org.junit.Sample1"/>
</testsuite> <!-- org.junit.Sample1 -->
