<?xml version="1.0" encoding="UTF-8"?>
<!-- Generated by org.testng.reporters.JUnitReportReporter -->
<testsuite skipped="0" hostname="LAPTOP-0JB00JT2" name="org.test.ParallelDemo" tests="2" failures="0" timestamp="17 Dec 2021 12:12:57 GMT" time="0.075" errors="0">
  <testcase name="tc11" time="0.053" classname="org.test.ParallelDemo"/>
  <testcase name="tc22" time="0.022" classname="org.test.ParallelDemo"/>
</testsuite> <!-- org.test.ParallelDemo -->
